<?xml version="1.0" encoding="UTF-8"?>
<!-- Generated by org.testng.reporters.JUnitReportReporter -->
<testsuite hostname="DESKTOP-LJP9OGR" failures="0" tests="3" name="Test.Sample" time="2.105" errors="1" timestamp="2022-07-25T16:17:45 IST" skipped="0">
  <testcase classname="Test.Sample" name="test2" time="0.025"/>
  <system-out/>
  <testcase classname="Test.Sample" name="test3" time="2.026">
    <error message="Method Test.Sample.test3() didn&#039;t finish within the time-out 2000" type="org.testng.internal.thread.ThreadTimeoutException">
      <![CDATA[org.testng.internal.thread.ThreadTimeoutException: Method Test.Sample.test3() didn't finish within the time-out 2000
at java.base@17.0.3.1/java.lang.Thread.sleep(Native Method)
at app//Test.Sample.test3(Sample.java:22)
at java.base@17.0.3.1/jdk.internal.reflect.NativeMethodAccessorImpl.invoke0(Native Method)
at java.base@17.0.3.1/jdk.internal.reflect.NativeMethodAccessorImpl.invoke(NativeMethodAccessorImpl.java:77)
at java.base@17.0.3.1/jdk.internal.reflect.DelegatingMethodAccessorImpl.invoke(DelegatingMethodAccessorImpl.java:43)
at java.base@17.0.3.1/java.lang.reflect.Method.invoke(Method.java:568)
at app//org.testng.internal.invokers.MethodInvocationHelper.invokeMethod(MethodInvocationHelper.java:139)
at app//org.testng.internal.invokers.InvokeMethodRunnable.runOne(InvokeMethodRunnable.java:47)
at app//org.testng.internal.invokers.InvokeMethodRunnable.call(InvokeMethodRunnable.java:76)
at app//org.testng.internal.invokers.InvokeMethodRunnable.call(InvokeMethodRunnable.java:11)
at java.base@17.0.3.1/java.util.concurrent.FutureTask.run(FutureTask.java:264)
at java.base@17.0.3.1/java.util.concurrent.ThreadPoolExecutor.runWorker(ThreadPoolExecutor.java:1136)
at java.base@17.0.3.1/java.util.concurrent.ThreadPoolExecutor$Worker.run(ThreadPoolExecutor.java:635)
at java.base@17.0.3.1/java.lang.Thread.run(Thread.java:833)
]]>
    </error>
  </testcase> <!-- test3 -->
  <system-out/>
  <testcase classname="Test.Sample" name="test1" time="0.054"/>
  <system-out/>
</testsuite> <!-- Test.Sample -->
