<?xml version="1.0" encoding="UTF-8"?>
<!-- Generated by org.testng.reporters.JUnitReportReporter -->
<testsuite hostname="DESKTOP-LJP9OGR" failures="0" tests="1" name="Test.ZerodhaLoginPageTest" time="8.223" errors="0" timestamp="2022-07-24T19:57:39 IST" skipped="0">
  <testcase classname="Test.ZerodhaLoginPageTest" name="loginZerodhaTest" time="8.223"/>
  <system-out/>
</testsuite> <!-- Test.ZerodhaLoginPageTest -->
