<?xml version="1.0" encoding="UTF-8"?>
<!-- Generated by org.testng.reporters.JUnitReportReporter -->
<testsuite hostname="DESKTOP-LJP9OGR" failures="0" tests="3" name="Test.LoginPage" time="14.793" errors="0" timestamp="2022-07-26T22:50:58 IST" skipped="0">
  <testcase classname="Test.LoginPage" name="ForgotPasswordTest" time="4.312"/>
  <system-out/>
  <testcase classname="Test.LoginPage" name="verifySignUpFeature" time="2.579"/>
  <system-out/>
  <testcase classname="Test.LoginPage" name="loginZerodhaTest" time="7.902"/>
  <system-out/>
</testsuite> <!-- Test.LoginPage -->
