<?xml version="1.0" encoding="UTF-8"?>
<!-- Generated by org.testng.reporters.JUnitReportReporter -->
<testsuite hostname="DESKTOP-LJP9OGR" failures="0" tests="1" name="Test.ZerodhaForgotPassword" time="18.686" errors="0" timestamp="2022-07-25T14:46:41 IST" skipped="0">
  <testcase classname="Test.ZerodhaForgotPassword" name="ForgottenPassword" time="18.686"/>
  <system-out/>
</testsuite> <!-- Test.ZerodhaForgotPassword -->
