<?xml version="1.0" encoding="UTF-8"?>
<!-- Generated by org.testng.reporters.JUnitReportReporter -->
<testsuite hostname="DESKTOP-LJP9OGR" failures="0" tests="1" name="Test.ActionPerformBuy" time="14.909" errors="0" timestamp="2022-07-27T20:15:15 IST" skipped="0">
  <testcase classname="Test.ActionPerformBuy" name="searchStockAndClickOnBuy" time="14.909"/>
  <system-out/>
</testsuite> <!-- Test.ActionPerformBuy -->
