<?xml version="1.0" encoding="UTF-8"?>
<!-- Generated by org.testng.reporters.JUnitReportReporter -->
<testsuite hostname="DESKTOP-LJP9OGR" failures="0" tests="1" name="Test.ZerodhaHomePageTest" time="12.929" errors="0" timestamp="2022-07-24T14:00:32 IST" skipped="0">
  <testcase classname="Test.ZerodhaHomePageTest" name="searchStockAndClickOnBuy" time="12.929"/>
  <system-out/>
</testsuite> <!-- Test.ZerodhaHomePageTest -->
